warning: field `expr_dim` is never read
  --> src/models/cross_encoder_no_product.rs:15:5
   |
 7 | pub struct CrossEncoderNoProductModel {
   |            -------------------------- field in this struct
...
15 |     expr_dim: usize,
   |     ^^^^^^^^
   |
   = note: `#[warn(dead_code)]` (part of `#[warn(unused)]`) on by default

warning: `module-regularized-grn` (lib) generated 1 warning
    Finished `release` profile [optimized] target(s) in 0.19s
     Running `target/release/train_imbalance_extended`
=== Extended Imbalance Experiments: 10:1 and 50:1 ===

Loading expression data...
  Cell types: 11 | Expression genes: 2000
Dataset: total=47388 | train_base=33171 | val=7108 | test=7109
TFs: 1164 | Genes: 7664 | expr_dim: 11

─── neg_ratio = 10:1 ───
  Training set: 182347 examples (16577 pos + 165770 neg)

  [TT] seed 42:
    ep 10 val_acc=64.77% val_auroc=0.6503 patience=0/10 ✓
    ep 20 val_acc=71.02% val_auroc=0.7158 patience=0/10 ✓
    ep 30 val_acc=51.36% val_auroc=0.5169 patience=0/10
    ep 40 val_acc=51.36% val_auroc=0.5169 patience=1/10
    ep 50 val_acc=51.36% val_auroc=0.5169 patience=2/10
    ep 60 val_acc=51.36% val_auroc=0.5169 patience=3/10
    acc=51.77% auroc=0.5203 f1=0.0685 auprc=0.5363
  [TT] seed 123:
    ep 10 val_acc=65.69% val_auroc=0.6653 patience=0/10 ✓
    ep 20 val_acc=64.39% val_auroc=0.6513 patience=0/10
    ep 30 val_acc=64.39% val_auroc=0.6513 patience=1/10
    ep 40 val_acc=64.39% val_auroc=0.6513 patience=2/10
    ep 50 val_acc=64.39% val_auroc=0.6513 patience=3/10
    ep 60 val_acc=64.39% val_auroc=0.6513 patience=4/10
    acc=64.52% auroc=0.6440 f1=0.4560 auprc=0.7071
  [TT] seed 456:
    ep 10 val_acc=70.01% val_auroc=0.7086 patience=0/10 ✓
    ep 20 val_acc=66.35% val_auroc=0.6703 patience=0/10
    ep 30 val_acc=69.92% val_auroc=0.7060 patience=1/10
    ep 40 val_acc=69.92% val_auroc=0.7060 patience=2/10
    ep 50 val_acc=69.92% val_auroc=0.7060 patience=3/10
    ep 60 val_acc=69.92% val_auroc=0.7060 patience=4/10
    acc=70.53% auroc=0.7036 f1=0.6025 auprc=0.7476
  [TT] seed 789:
    ep 10 val_acc=64.93% val_auroc=0.6621 patience=0/10 ✓
    ep 20 val_acc=61.56% val_auroc=0.6211 patience=0/10
    ep 30 val_acc=63.00% val_auroc=0.6373 patience=1/10
    ep 40 val_acc=69.74% val_auroc=0.7059 patience=2/10 ✓
    ep 50 val_acc=69.74% val_auroc=0.7059 patience=0/10
    ep 60 val_acc=69.74% val_auroc=0.7059 patience=1/10
    acc=69.77% auroc=0.6981 f1=0.5794 auprc=0.7500
  [TT] seed 1337:
    ep 10 val_acc=62.96% val_auroc=0.6330 patience=0/10 ✓
    ep 20 val_acc=63.32% val_auroc=0.6390 patience=0/10 ✓
    ep 30 val_acc=72.97% val_auroc=0.7370 patience=0/10 ✓
    ep 40 val_acc=72.97% val_auroc=0.7370 patience=0/10
    ep 50 val_acc=72.97% val_auroc=0.7370 patience=1/10
    ep 60 val_acc=72.97% val_auroc=0.7370 patience=2/10
    acc=73.01% auroc=0.7265 f1=0.6415 auprc=0.7812
  [TT] 10:1 → mean_acc=65.92%±7.60%  mean_auroc=0.6585±0.0742  ensemble_auroc=0.8006
  ✓ Saved results/two_tower_10to1.json
  [CE] seed 42:
    ep  1 val_acc=75.66% val_auroc=0.9161 patience=0/3 ✓
    ep  6 val_acc=78.14% val_auroc=0.9105 patience=0/3 ✓
    ep 11 val_acc=78.46% val_auroc=0.9101 patience=0/3 ✓
    ep 16 val_acc=75.86% val_auroc=0.9098 patience=0/3
    ep 21 val_acc=77.05% val_auroc=0.9147 patience=1/3
    ep 26 val_acc=77.76% val_auroc=0.9134 patience=2/3
    acc=78.03% auroc=0.9146 f1=0.7253 auprc=0.9194
  [CE] seed 123:
    ep  1 val_acc=76.59% val_auroc=0.9163 patience=0/3 ✓
    ep  6 val_acc=76.08% val_auroc=0.9100 patience=0/3
    ep 11 val_acc=79.01% val_auroc=0.9094 patience=1/3 ✓
    ep 16 val_acc=78.53% val_auroc=0.9113 patience=0/3
    ep 21 val_acc=78.08% val_auroc=0.9135 patience=1/3
    ep 26 val_acc=77.94% val_auroc=0.9101 patience=2/3
    acc=78.03% auroc=0.9116 f1=0.7256 auprc=0.9201
  [CE] seed 456:
    ep  1 val_acc=76.67% val_auroc=0.9146 patience=0/3 ✓
    ep  6 val_acc=78.40% val_auroc=0.9110 patience=0/3 ✓
    ep 11 val_acc=78.49% val_auroc=0.9119 patience=0/3 ✓
    ep 16 val_acc=77.97% val_auroc=0.9114 patience=0/3
    ep 21 val_acc=76.86% val_auroc=0.9103 patience=1/3
    ep 26 val_acc=77.76% val_auroc=0.9106 patience=2/3
    acc=78.07% auroc=0.9098 f1=0.7273 auprc=0.9178
  [CE] seed 789:
    ep  1 val_acc=78.49% val_auroc=0.9175 patience=0/3 ✓
    ep  6 val_acc=79.22% val_auroc=0.9131 patience=0/3 ✓
    ep 11 val_acc=77.04% val_auroc=0.9106 patience=0/3
    ep 16 val_acc=77.35% val_auroc=0.9118 patience=1/3
    ep 21 val_acc=78.74% val_auroc=0.9091 patience=2/3
    acc=78.35% auroc=0.9111 f1=0.7307 auprc=0.9151
  [CE] seed 1337:
    ep  1 val_acc=76.93% val_auroc=0.9172 patience=0/3 ✓
    ep  6 val_acc=78.95% val_auroc=0.9131 patience=0/3 ✓
    ep 11 val_acc=76.48% val_auroc=0.9112 patience=0/3
    ep 16 val_acc=77.91% val_auroc=0.9100 patience=1/3
    ep 21 val_acc=74.35% val_auroc=0.9093 patience=2/3
    acc=74.53% auroc=0.9100 f1=0.6648 auprc=0.9174
  [CE] 10:1 → mean_acc=77.40%±1.44%  mean_auroc=0.9114±0.0017  ensemble_auroc=0.9192
  ✓ Saved results/cross_encoder_10to1.json

─── neg_ratio = 50:1 ───
  Training set: 845427 examples (16577 pos + 828850 neg)

  [TT] seed 42:
    ep 10 val_acc=49.69% val_auroc=0.5454 patience=0/10 ✓
    ep 20 val_acc=49.69% val_auroc=0.5454 patience=0/10
    ep 30 val_acc=49.69% val_auroc=0.5454 patience=1/10
    ep 40 val_acc=49.69% val_auroc=0.5454 patience=2/10
    ep 50 val_acc=49.69% val_auroc=0.5454 patience=3/10
    ep 60 val_acc=49.69% val_auroc=0.5454 patience=4/10
    acc=50.19% auroc=0.5454 f1=0.0000 auprc=0.5820
  [TT] seed 123:
    ep 10 val_acc=49.69% val_auroc=0.4959 patience=0/10 ✓
    ep 20 val_acc=49.69% val_auroc=0.4956 patience=0/10
    ep 30 val_acc=49.69% val_auroc=0.4956 patience=1/10
    ep 40 val_acc=49.69% val_auroc=0.4956 patience=2/10
    ep 50 val_acc=49.69% val_auroc=0.4956 patience=3/10
    ep 60 val_acc=49.69% val_auroc=0.4956 patience=4/10
    acc=50.19% auroc=0.4986 f1=0.0000 auprc=0.4979
  [TT] seed 456:
    ep 10 val_acc=49.69% val_auroc=0.5010 patience=0/10 ✓
    ep 20 val_acc=49.69% val_auroc=0.5010 patience=0/10
    ep 30 val_acc=49.69% val_auroc=0.5010 patience=1/10
    ep 40 val_acc=49.69% val_auroc=0.5010 patience=2/10
    ep 50 val_acc=49.69% val_auroc=0.5010 patience=3/10
    ep 60 val_acc=49.69% val_auroc=0.5010 patience=4/10
    acc=50.19% auroc=0.5045 f1=0.0000 auprc=0.4997
  [TT] seed 789:
    ep 10 val_acc=49.69% val_auroc=0.5010 patience=0/10 ✓
    ep 20 val_acc=49.69% val_auroc=0.5010 patience=0/10
    ep 30 val_acc=49.69% val_auroc=0.5010 patience=1/10
    ep 40 val_acc=49.69% val_auroc=0.5010 patience=2/10
    ep 50 val_acc=49.69% val_auroc=0.5010 patience=3/10
    ep 60 val_acc=49.69% val_auroc=0.5010 patience=4/10
    acc=50.19% auroc=0.5045 f1=0.0000 auprc=0.4997
  [TT] seed 1337:
