This is pdfTeX, Version 3.141592653-2.6-1.40.29 (TeX Live 2026) (preloaded format=pdflatex 2026.3.1)  19 MAR 2026 04:45
entering extended mode
 restricted \write18 enabled.
 %&-line parsing enabled.
**paper_tnnls.tex
(./paper_tnnls.tex
LaTeX2e <2025-11-01>
L3 programming layer <2026-01-19>

(/private/var/folders/v7/lc2gzmtj7lx82czwwk40p8j00000gn/T/tmp.UZJbuql2f4/payloa
d/usr/local/texlive/2026basic/texmf-dist/tex/latex/ieeetran/IEEEtran.cls
Document Class: IEEEtran 2015/08/26 V1.8b by Michael Shell
-- See the "IEEEtran_HOWTO" manual for usage information.
-- http://www.michaelshell.org/tex/ieeetran/
\@IEEEtrantmpdimenA=\dimen148
\@IEEEtrantmpdimenB=\dimen149
\@IEEEtrantmpdimenC=\dimen150
\@IEEEtrantmpcountA=\count275
\@IEEEtrantmpcountB=\count276
\@IEEEtrantmpcountC=\count277
\@IEEEtrantmptoksA=\toks17
LaTeX Font Info:    Trying to load font information for OT1+ptm on input line 5
03.

(/private/var/folders/v7/lc2gzmtj7lx82czwwk40p8j00000gn/T/tmp.UZJbuql2f4/payloa
d/usr/local/texlive/2026basic/texmf-dist/tex/latex/psnfss/ot1ptm.fd
File: ot1ptm.fd 2001/06/04 font definitions for OT1/ptm.
)
-- Using 8.5in x 11in (letter) paper.
-- Using PDF output.
\@IEEEnormalsizeunitybaselineskip=\dimen151
-- This is a 10 point document.
LaTeX Encoding Info:    Redeclaring text command \textunderscore (encoding ?) o
n input line 937.
\CLASSINFOnormalsizebaselineskip=\dimen152
\CLASSINFOnormalsizeunitybaselineskip=\dimen153
\IEEEnormaljot=\dimen154
LaTeX Font Info:    Font shape `OT1/ptm/bx/n' in size <5> not available
(Font)              Font shape `OT1/ptm/b/n' tried instead on input line 1090.
LaTeX Font Info:    Font shape `OT1/ptm/bx/it' in size <5> not available
(Font)              Font shape `OT1/ptm/b/it' tried instead on input line 1090.

LaTeX Font Info:    Font shape `OT1/ptm/bx/n' in size <7> not available
(Font)              Font shape `OT1/ptm/b/n' tried instead on input line 1090.
LaTeX Font Info:    Font shape `OT1/ptm/bx/it' in size <7> not available
(Font)              Font shape `OT1/ptm/b/it' tried instead on input line 1090.

LaTeX Font Info:    Font shape `OT1/ptm/bx/n' in size <8> not available
(Font)              Font shape `OT1/ptm/b/n' tried instead on input line 1090.
LaTeX Font Info:    Font shape `OT1/ptm/bx/it' in size <8> not available
(Font)              Font shape `OT1/ptm/b/it' tried instead on input line 1090.

LaTeX Font Info:    Font shape `OT1/ptm/bx/n' in size <9> not available
(Font)              Font shape `OT1/ptm/b/n' tried instead on input line 1090.
LaTeX Font Info:    Font shape `OT1/ptm/bx/it' in size <9> not available
(Font)              Font shape `OT1/ptm/b/it' tried instead on input line 1090.

LaTeX Font Info:    Font shape `OT1/ptm/bx/n' in size <10> not available
(Font)              Font shape `OT1/ptm/b/n' tried instead on input line 1090.
LaTeX Font Info:    Font shape `OT1/ptm/bx/it' in size <10> not available
(Font)              Font shape `OT1/ptm/b/it' tried instead on input line 1090.

LaTeX Font Info:    Font shape `OT1/ptm/bx/n' in size <11> not available
(Font)              Font shape `OT1/ptm/b/n' tried instead on input line 1090.
LaTeX Font Info:    Font shape `OT1/ptm/bx/it' in size <11> not available
(Font)              Font shape `OT1/ptm/b/it' tried instead on input line 1090.

LaTeX Font Info:    Font shape `OT1/ptm/bx/n' in size <12> not available
(Font)              Font shape `OT1/ptm/b/n' tried instead on input line 1090.
LaTeX Font Info:    Font shape `OT1/ptm/bx/it' in size <12> not available
(Font)              Font shape `OT1/ptm/b/it' tried instead on input line 1090.

LaTeX Font Info:    Font shape `OT1/ptm/bx/n' in size <17> not available
(Font)              Font shape `OT1/ptm/b/n' tried instead on input line 1090.
LaTeX Font Info:    Font shape `OT1/ptm/bx/it' in size <17> not available
(Font)              Font shape `OT1/ptm/b/it' tried instead on input line 1090.

LaTeX Font Info:    Font shape `OT1/ptm/bx/n' in size <20> not available
(Font)              Font shape `OT1/ptm/b/n' tried instead on input line 1090.
LaTeX Font Info:    Font shape `OT1/ptm/bx/it' in size <20> not available
(Font)              Font shape `OT1/ptm/b/it' tried instead on input line 1090.

LaTeX Font Info:    Font shape `OT1/ptm/bx/n' in size <24> not available
(Font)              Font shape `OT1/ptm/b/n' tried instead on input line 1090.
LaTeX Font Info:    Font shape `OT1/ptm/bx/it' in size <24> not available
(Font)              Font shape `OT1/ptm/b/it' tried instead on input line 1090.

\IEEEquantizedlength=\dimen155
\IEEEquantizedlengthdiff=\dimen156
\IEEEquantizedtextheightdiff=\dimen157
\IEEEilabelindentA=\dimen158
\IEEEilabelindentB=\dimen159
\IEEEilabelindent=\dimen160
\IEEEelabelindent=\dimen161
\IEEEdlabelindent=\dimen162
\IEEElabelindent=\dimen163
\IEEEiednormlabelsep=\dimen164
\IEEEiedmathlabelsep=\dimen165
\IEEEiedtopsep=\skip49
\c@section=\count278
\c@subsection=\count279
\c@subsubsection=\count280
\c@paragraph=\count281
\c@IEEEsubequation=\count282
\abovecaptionskip=\skip50
\belowcaptionskip=\skip51
\c@figure=\count283
\c@table=\count284
\@IEEEeqnnumcols=\count285
\@IEEEeqncolcnt=\count286
\@IEEEsubeqnnumrollback=\count287
\@IEEEquantizeheightA=\dimen166
\@IEEEquantizeheightB=\dimen167
\@IEEEquantizeheightC=\dimen168
\@IEEEquantizeprevdepth=\dimen169
\@IEEEquantizemultiple=\count288
\@IEEEquantizeboxA=\box53
\@IEEEtmpitemindent=\dimen170
\IEEEPARstartletwidth=\dimen171
\c@IEEEbiography=\count289
\@IEEEtranrubishbin=\box54
)
(/private/var/folders/v7/lc2gzmtj7lx82czwwk40p8j00000gn/T/tmp.UZJbuql2f4/payloa
d/usr/local/texlive/2026basic/texmf-dist/tex/latex/base/inputenc.sty
Package: inputenc 2024/02/08 v1.3d Input encoding file
\inpenc@prehook=\toks18
\inpenc@posthook=\toks19
)
(/private/var/folders/v7/lc2gzmtj7lx82czwwk40p8j00000gn/T/tmp.UZJbuql2f4/payloa
d/usr/local/texlive/2026basic/texmf-dist/tex/latex/amsmath/amsmath.sty
Package: amsmath 2025/07/09 v2.17z AMS math features
\@mathmargin=\skip52

For additional information on amsmath, use the `?' option.

(/private/var/folders/v7/lc2gzmtj7lx82czwwk40p8j00000gn/T/tmp.UZJbuql2f4/payloa
d/usr/local/texlive/2026basic/texmf-dist/tex/latex/amsmath/amstext.sty
Package: amstext 2024/11/17 v2.01 AMS text

(/private/var/folders/v7/lc2gzmtj7lx82czwwk40p8j00000gn/T/tmp.UZJbuql2f4/payloa
d/usr/local/texlive/2026basic/texmf-dist/tex/latex/amsmath/amsgen.sty
File: amsgen.sty 1999/11/30 v2.0 generic functions
\@emptytoks=\toks20
\ex@=\dimen172
))
(/private/var/folders/v7/lc2gzmtj7lx82czwwk40p8j00000gn/T/tmp.UZJbuql2f4/payloa
d/usr/local/texlive/2026basic/texmf-dist/tex/latex/amsmath/amsbsy.sty
Package: amsbsy 1999/11/29 v1.2d Bold Symbols
\pmbraise@=\dimen173
)
(/private/var/folders/v7/lc2gzmtj7lx82czwwk40p8j00000gn/T/tmp.UZJbuql2f4/payloa
d/usr/local/texlive/2026basic/texmf-dist/tex/latex/amsmath/amsopn.sty
Package: amsopn 2022/04/08 v2.04 operator names
)
\inf@bad=\count290
LaTeX Info: Redefining \frac on input line 233.
\uproot@=\count291
\leftroot@=\count292
LaTeX Info: Redefining \overline on input line 398.
LaTeX Info: Redefining \colon on input line 409.
\classnum@=\count293
\DOTSCASE@=\count294
LaTeX Info: Redefining \ldots on input line 495.
LaTeX Info: Redefining \dots on input line 498.
LaTeX Info: Redefining \cdots on input line 619.
\Mathstrutbox@=\box55
\strutbox@=\box56
LaTeX Info: Redefining \big on input line 721.
LaTeX Info: Redefining \Big on input line 722.
LaTeX Info: Redefining \bigg on input line 723.
LaTeX Info: Redefining \Bigg on input line 724.
\big@size=\dimen174
LaTeX Font Info:    Redeclaring font encoding OML on input line 742.
LaTeX Font Info:    Redeclaring font encoding OMS on input line 743.
\macc@depth=\count295
LaTeX Info: Redefining \bmod on input line 904.
LaTeX Info: Redefining \pmod on input line 909.
LaTeX Info: Redefining \smash on input line 939.
LaTeX Info: Redefining \relbar on input line 969.
LaTeX Info: Redefining \Relbar on input line 970.
\c@MaxMatrixCols=\count296
\dotsspace@=\muskip17
\c@parentequation=\count297
\dspbrk@lvl=\count298
\tag@help=\toks21
\row@=\count299
\column@=\count300
\maxfields@=\count301
\andhelp@=\toks22
\eqnshift@=\dimen175
\alignsep@=\dimen176
\tagshift@=\dimen177
\tagwidth@=\dimen178
\totwidth@=\dimen179
\lineht@=\dimen180
\@envbody=\toks23
\multlinegap=\skip53
\multlinetaggap=\skip54
\mathdisplay@stack=\toks24
LaTeX Info: Redefining \[ on input line 2950.
LaTeX Info: Redefining \] on input line 2951.
)
(/private/var/folders/v7/lc2gzmtj7lx82czwwk40p8j00000gn/T/tmp.UZJbuql2f4/payloa
d/usr/local/texlive/2026basic/texmf-dist/tex/latex/amsfonts/amssymb.sty
Package: amssymb 2013/01/14 v3.01 AMS font symbols

(/private/var/folders/v7/lc2gzmtj7lx82czwwk40p8j00000gn/T/tmp.UZJbuql2f4/payloa
d/usr/local/texlive/2026basic/texmf-dist/tex/latex/amsfonts/amsfonts.sty
Package: amsfonts 2013/01/14 v3.01 Basic AMSFonts support
\symAMSa=\mathgroup4
\symAMSb=\mathgroup5
LaTeX Font Info:    Redeclaring math symbol \hbar on input line 98.
LaTeX Font Info:    Overwriting math alphabet `\mathfrak' in version `bold'
(Font)                  U/euf/m/n --> U/euf/b/n on input line 106.
))
(/private/var/folders/v7/lc2gzmtj7lx82czwwk40p8j00000gn/T/tmp.UZJbuql2f4/payloa
d/usr/local/texlive/2026basic/texmf-dist/tex/latex/graphics/graphicx.sty
Package: graphicx 2024/12/31 v1.2e Enhanced LaTeX Graphics (DPC,SPQR)

(/private/var/folders/v7/lc2gzmtj7lx82czwwk40p8j00000gn/T/tmp.UZJbuql2f4/payloa
d/usr/local/texlive/2026basic/texmf-dist/tex/latex/graphics/keyval.sty
Package: keyval 2022/05/29 v1.15 key=value parser (DPC)
\KV@toks@=\toks25
)
(/private/var/folders/v7/lc2gzmtj7lx82czwwk40p8j00000gn/T/tmp.UZJbuql2f4/payloa
d/usr/local/texlive/2026basic/texmf-dist/tex/latex/graphics/graphics.sty
Package: graphics 2024/08/06 v1.4g Standard LaTeX Graphics (DPC,SPQR)

(/private/var/folders/v7/lc2gzmtj7lx82czwwk40p8j00000gn/T/tmp.UZJbuql2f4/payloa
d/usr/local/texlive/2026basic/texmf-dist/tex/latex/graphics/trig.sty
Package: trig 2023/12/02 v1.11 sin cos tan (DPC)
)
(/private/var/folders/v7/lc2gzmtj7lx82czwwk40p8j00000gn/T/tmp.UZJbuql2f4/payloa
d/usr/local/texlive/2026basic/texmf-dist/tex/latex/graphics-cfg/graphics.cfg
File: graphics.cfg 2016/06/04 v1.11 sample graphics configuration
)
Package graphics Info: Driver file: pdftex.def on input line 106.

(/private/var/folders/v7/lc2gzmtj7lx82czwwk40p8j00000gn/T/tmp.UZJbuql2f4/payloa
d/usr/local/texlive/2026basic/texmf-dist/tex/latex/graphics-def/pdftex.def
File: pdftex.def 2025/09/29 v1.2d Graphics/color driver for pdftex
))
\Gin@req@height=\dimen181
\Gin@req@width=\dimen182
)
(/private/var/folders/v7/lc2gzmtj7lx82czwwk40p8j00000gn/T/tmp.UZJbuql2f4/payloa
d/usr/local/texlive/2026basic/texmf-dist/tex/latex/cite/cite.sty
LaTeX Info: Redefining \cite on input line 302.
LaTeX Info: Redefining \nocite on input line 332.
Package: cite 2015/02/27  v 5.5
)
(/private/var/folders/v7/lc2gzmtj7lx82czwwk40p8j00000gn/T/tmp.UZJbuql2f4/payloa
d/usr/local/texlive/2026basic/texmf-dist/tex/latex/microtype/microtype.sty
Package: microtype 2026/03/01 v3.2d Micro-typographical refinements (RS)

(/private/var/folders/v7/lc2gzmtj7lx82czwwk40p8j00000gn/T/tmp.UZJbuql2f4/payloa
d/usr/local/texlive/2026basic/texmf-dist/tex/latex/etoolbox/etoolbox.sty
Package: etoolbox 2025/10/02 v2.5m e-TeX tools for LaTeX (JAW)
\etb@tempcnta=\count302
)
\MT@toks=\toks26
\MT@tempbox=\box57
\MT@count=\count303
LaTeX Info: Redefining \noprotrusionifhmode on input line 1084.
LaTeX Info: Redefining \leftprotrusion on input line 1085.
\MT@prot@toks=\toks27
LaTeX Info: Redefining \rightprotrusion on input line 1104.
LaTeX Info: Redefining \textls on input line 1449.
\MT@outer@kern=\dimen183
LaTeX Info: Redefining \microtypecontext on input line 2053.
LaTeX Info: Redefining \textmicrotypecontext on input line 2070.
\MT@listname@count=\count304

(/private/var/folders/v7/lc2gzmtj7lx82czwwk40p8j00000gn/T/tmp.UZJbuql2f4/payloa
d/usr/local/texlive/2026basic/texmf-dist/tex/latex/microtype/microtype-pdftex.d
ef
File: microtype-pdftex.def 2026/03/01 v3.2d Definitions specific to pdftex (RS)

LaTeX Info: Redefining \lsstyle on input line 944.
LaTeX Info: Redefining \lslig on input line 944.
\MT@outer@space=\skip55
)
Package microtype Info: Loading configuration file microtype.cfg.

(/private/var/folders/v7/lc2gzmtj7lx82czwwk40p8j00000gn/T/tmp.UZJbuql2f4/payloa
d/usr/local/texlive/2026basic/texmf-dist/tex/latex/microtype/microtype.cfg
File: microtype.cfg 2026/03/01 v3.2d microtype main configuration file (RS)
)
LaTeX Info: Redefining \microtypesetup on input line 3065.
)
(/private/var/folders/v7/lc2gzmtj7lx82czwwk40p8j00000gn/T/tmp.UZJbuql2f4/payloa
d/usr/local/texlive/2026basic/texmf-dist/tex/latex/l3backend/l3backend-pdftex.d
ef
File: l3backend-pdftex.def 2025-10-09 L3 backend support: PDF output (pdfTeX)
\l__color_backend_stack_int=\count305
) (./paper_tnnls.aux)
\openout1 = `paper_tnnls.aux'.

LaTeX Font Info:    Checking defaults for OML/cmm/m/it on input line 10.
LaTeX Font Info:    ... okay on input line 10.
LaTeX Font Info:    Checking defaults for OMS/cmsy/m/n on input line 10.
LaTeX Font Info:    ... okay on input line 10.
LaTeX Font Info:    Checking defaults for OT1/cmr/m/n on input line 10.
LaTeX Font Info:    ... okay on input line 10.
LaTeX Font Info:    Checking defaults for T1/cmr/m/n on input line 10.
LaTeX Font Info:    ... okay on input line 10.
LaTeX Font Info:    Checking defaults for TS1/cmr/m/n on input line 10.
LaTeX Font Info:    ... okay on input line 10.
LaTeX Font Info:    Checking defaults for OMX/cmex/m/n on input line 10.
LaTeX Font Info:    ... okay on input line 10.
LaTeX Font Info:    Checking defaults for U/cmr/m/n on input line 10.
LaTeX Font Info:    ... okay on input line 10.

-- Lines per column: 58 (exact).

(/private/var/folders/v7/lc2gzmtj7lx82czwwk40p8j00000gn/T/tmp.UZJbuql2f4/payloa
d/usr/local/texlive/2026basic/texmf-dist/tex/context/base/mkii/supp-pdf.mkii
[Loading MPS to PDF converter (version 2006.09.02).]
\scratchcounter=\count306
\scratchdimen=\dimen184
\scratchbox=\box58
\nofMPsegments=\count307
\nofMParguments=\count308
\everyMPshowfont=\toks28
\MPscratchCnt=\count309
\MPscratchDim=\dimen185
\MPnumerator=\count310
\makeMPintoPDFobject=\count311
\everyMPtoPDFconversion=\toks29
)
(/private/var/folders/v7/lc2gzmtj7lx82czwwk40p8j00000gn/T/tmp.UZJbuql2f4/payloa
d/usr/local/texlive/2026basic/texmf-dist/tex/latex/epstopdf-pkg/epstopdf-base.s
ty
Package: epstopdf-base 2020-01-24 v2.11 Base part for package epstopdf
Package epstopdf-base Info: Redefining graphics rule for `.eps' on input line 4
85.

(/private/var/folders/v7/lc2gzmtj7lx82czwwk40p8j00000gn/T/tmp.UZJbuql2f4/payloa
d/usr/local/texlive/2026basic/texmf-dist/tex/latex/latexconfig/epstopdf-sys.cfg
File: epstopdf-sys.cfg 2010/07/13 v1.3 Configuration of (r)epstopdf for TeX Liv
e
))
LaTeX Info: Redefining \microtypecontext on input line 10.
Package microtype Info: Applying patch `item' on input line 10.
Package microtype Info: Applying patch `toc' on input line 10.
Package microtype Info: Applying patch `eqnum' on input line 10.
Package microtype Info: Applying patch `footnote' on input line 10.
Package microtype Info: Applying patch `verbatim' on input line 10.
LaTeX Info: Redefining \microtypesetup on input line 10.
Package microtype Info: Generating PDF output.
Package microtype Info: Character protrusion enabled (level 2).
Package microtype Info: Using default protrusion set `alltext'.
Package microtype Info: Automatic font expansion enabled (level 2),
(microtype)             stretch: 20, shrink: 20, step: 1, non-selected.
Package microtype Info: Using default expansion set `alltext-nott'.
Package microtype Info: Patching command `\showhyphens'.
Package microtype Info: No adjustment of tracking.
Package microtype Info: No adjustment of interword spacing.
Package microtype Info: No adjustment of character kerning.

(/private/var/folders/v7/lc2gzmtj7lx82czwwk40p8j00000gn/T/tmp.UZJbuql2f4/payloa
d/usr/local/texlive/2026basic/texmf-dist/tex/latex/microtype/mt-ptm.cfg
File: mt-ptm.cfg 2006/04/20 v1.7 microtype config. file: Times (RS)
)
(/private/var/folders/v7/lc2gzmtj7lx82czwwk40p8j00000gn/T/tmp.UZJbuql2f4/payloa
d/usr/local/texlive/2026basic/texmf-dist/tex/latex/microtype/mt-cmr.cfg
File: mt-cmr.cfg 2013/05/19 v2.2 microtype config. file: Computer Modern Roman 
(RS)
)
LaTeX Font Info:    Trying to load font information for U+msa on input line 32.


(/private/var/folders/v7/lc2gzmtj7lx82czwwk40p8j00000gn/T/tmp.UZJbuql2f4/payloa
d/usr/local/texlive/2026basic/texmf-dist/tex/latex/amsfonts/umsa.fd
File: umsa.fd 2013/01/14 v3.01 AMS symbols A
)
(/private/var/folders/v7/lc2gzmtj7lx82czwwk40p8j00000gn/T/tmp.UZJbuql2f4/payloa
d/usr/local/texlive/2026basic/texmf-dist/tex/latex/microtype/mt-msa.cfg
File: mt-msa.cfg 2006/02/04 v1.1 microtype config. file: AMS symbols (a) (RS)
)
LaTeX Font Info:    Trying to load font information for U+msb on input line 32.


(/private/var/folders/v7/lc2gzmtj7lx82czwwk40p8j00000gn/T/tmp.UZJbuql2f4/payloa
d/usr/local/texlive/2026basic/texmf-dist/tex/latex/amsfonts/umsb.fd
File: umsb.fd 2013/01/14 v3.01 AMS symbols B
)
(/private/var/folders/v7/lc2gzmtj7lx82czwwk40p8j00000gn/T/tmp.UZJbuql2f4/payloa
d/usr/local/texlive/2026basic/texmf-dist/tex/latex/microtype/mt-msb.cfg
File: mt-msb.cfg 2005/06/01 v1.0 microtype config. file: AMS symbols (b) (RS)
)
[1{/private/var/folders/v7/lc2gzmtj7lx82czwwk40p8j00000gn/T/tmp.UZJbuql2f4/payl
oad/usr/local/texlive/2026basic/texmf-var/fonts/map/pdftex/updmap/pdftex.map}{/
private/var/folders/v7/lc2gzmtj7lx82czwwk40p8j00000gn/T/tmp.UZJbuql2f4/payload/
usr/local/texlive/2026basic/texmf-dist/fonts/enc/dvips/base/8r.enc}


] [2]
<figures/fig4_1_architecture.png, id=19, 782.925pt x 421.575pt>
File: figures/fig4_1_architecture.png Graphic file (type png)
<use figures/fig4_1_architecture.png>
Package pdftex.def Info: figures/fig4_1_architecture.png  used on input line 26
5.
(pdftex.def)             Requested size: 252.0pt x 135.69154pt.

[3 <./figures/fig4_1_architecture.png>]
<figures/fig4_2_auroc_comparison.png, id=25, 602.25pt x 421.575pt>
File: figures/fig4_2_auroc_comparison.png Graphic file (type png)
<use figures/fig4_2_auroc_comparison.png>
Package pdftex.def Info: figures/fig4_2_auroc_comparison.png  used on input lin
e 455.
(pdftex.def)             Requested size: 252.0pt x 176.39772pt.
 [4 <./figures/fig4_2_auroc_comparison.png>]
Underfull \vbox (badness 10000) has occurred while \output is active []

 [5]
<figures/fig4_3_pruning_curve.png, id=35, 642.4pt x 421.575pt>
File: figures/fig4_3_pruning_curve.png Graphic file (type png)
<use figures/fig4_3_pruning_curve.png>
Package pdftex.def Info: figures/fig4_3_pruning_curve.png  used on input line 6
52.
(pdftex.def)             Requested size: 252.0pt x 165.37206pt.
<figures/fig4_4_compression_scatter.png, id=36, 602.25pt x 421.575pt>
File: figures/fig4_4_compression_scatter.png Graphic file (type png)
<use figures/fig4_4_compression_scatter.png>
Package pdftex.def Info: figures/fig4_4_compression_scatter.png  used on input 
line 660.
(pdftex.def)             Requested size: 252.0pt x 176.39772pt.

[6 <./figures/fig4_3_pruning_curve.png> <./figures/fig4_4_compression_scatter.p
ng>]
Underfull \vbox (badness 5893) has occurred while \output is active []


Underfull \vbox (badness 5893) has occurred while \output is active []

 [7]
(./paper_tnnls.bbl) [8] (./paper_tnnls.aux)
 ***********
LaTeX2e <2025-11-01>
L3 programming layer <2026-01-19>
 ***********
 ) 
Here is how much of TeX's memory you used:
 6380 strings out of 469006
 107563 string characters out of 5454814
 555449 words of memory out of 5000000
 34634 multiletter control sequences out of 15000+600000
 690515 words of font info for 368 fonts, out of 8000000 for 9000
 319 hyphenation exceptions out of 8191
 57i,11n,65p,1008b,317s stack positions out of 10000i,1000n,20000p,200000b,200000s
</private/var/folders/v7/lc2gzmtj7lx82czwwk40p8j00000gn/T/tmp.UZJbuql2f4/payl
oad/usr/local/texlive/2026basic/texmf-dist/fonts/type1/public/amsfonts/cm/cmbx1
0.pfb></private/var/folders/v7/lc2gzmtj7lx82czwwk40p8j00000gn/T/tmp.UZJbuql2f4/
payload/usr/local/texlive/2026basic/texmf-dist/fonts/type1/public/amsfonts/cm/c
mmi10.pfb></private/var/folders/v7/lc2gzmtj7lx82czwwk40p8j00000gn/T/tmp.UZJbuql
2f4/payload/usr/local/texlive/2026basic/texmf-dist/fonts/type1/public/amsfonts/
cm/cmmi7.pfb></private/var/folders/v7/lc2gzmtj7lx82czwwk40p8j00000gn/T/tmp.UZJb
uql2f4/payload/usr/local/texlive/2026basic/texmf-dist/fonts/type1/public/amsfon
ts/cm/cmmi8.pfb></private/var/folders/v7/lc2gzmtj7lx82czwwk40p8j00000gn/T/tmp.U
ZJbuql2f4/payload/usr/local/texlive/2026basic/texmf-dist/fonts/type1/public/ams
fonts/cm/cmr10.pfb></private/var/folders/v7/lc2gzmtj7lx82czwwk40p8j00000gn/T/tm
p.UZJbuql2f4/payload/usr/local/texlive/2026basic/texmf-dist/fonts/type1/public/
amsfonts/cm/cmr7.pfb></private/var/folders/v7/lc2gzmtj7lx82czwwk40p8j00000gn/T/
tmp.UZJbuql2f4/payload/usr/local/texlive/2026basic/texmf-dist/fonts/type1/publi
c/amsfonts/cm/cmr8.pfb></private/var/folders/v7/lc2gzmtj7lx82czwwk40p8j00000gn/
T/tmp.UZJbuql2f4/payload/usr/local/texlive/2026basic/texmf-dist/fonts/type1/pub
lic/amsfonts/cm/cmsy10.pfb></private/var/folders/v7/lc2gzmtj7lx82czwwk40p8j0000
0gn/T/tmp.UZJbuql2f4/payload/usr/local/texlive/2026basic/texmf-dist/fonts/type1
/public/amsfonts/cm/cmsy7.pfb></private/var/folders/v7/lc2gzmtj7lx82czwwk40p8j0
0000gn/T/tmp.UZJbuql2f4/payload/usr/local/texlive/2026basic/texmf-dist/fonts/ty
pe1/public/amsfonts/cm/cmsy8.pfb></private/var/folders/v7/lc2gzmtj7lx82czwwk40p
8j00000gn/T/tmp.UZJbuql2f4/payload/usr/local/texlive/2026basic/texmf-dist/fonts
/type1/public/amsfonts/cm/cmsy9.pfb></private/var/folders/v7/lc2gzmtj7lx82czwwk
40p8j00000gn/T/tmp.UZJbuql2f4/payload/usr/local/texlive/2026basic/texmf-dist/fo
nts/type1/urw/times/utmb8a.pfb></private/var/folders/v7/lc2gzmtj7lx82czwwk40p8j
00000gn/T/tmp.UZJbuql2f4/payload/usr/local/texlive/2026basic/texmf-dist/fonts/t
ype1/urw/times/utmbi8a.pfb></private/var/folders/v7/lc2gzmtj7lx82czwwk40p8j0000
0gn/T/tmp.UZJbuql2f4/payload/usr/local/texlive/2026basic/texmf-dist/fonts/type1
/urw/times/utmr8a.pfb></private/var/folders/v7/lc2gzmtj7lx82czwwk40p8j00000gn/T
/tmp.UZJbuql2f4/payload/usr/local/texlive/2026basic/texmf-dist/fonts/type1/urw/
times/utmri8a.pfb>
Output written on paper_tnnls.pdf (8 pages, 324370 bytes).
PDF statistics:
 111 PDF objects out of 1000 (max. 8388607)
 66 compressed objects within 1 object stream
 0 named destinations out of 1000 (max. 500000)
 67605 words of extra memory for PDF output out of 74296 (max. 10000000)

